{
  "0 debug pnpm:scope": {
    "selected": 1
  },
  "1 error pnpm": {
    "errno": 1,
    "code": "ELIFECYCLE",
    "pkgid": "@clubei/root@1.0.0",
    "stage": "start",
    "script": "node server.js",
    "pkgname": "@clubei/root",
    "err": {
      "name": "pnpm",
      "message": "@clubei/root@1.0.0 start: `node server.js`\nExit status 1",
      "code": "ELIFECYCLE",
      "stack": "pnpm: @clubei/root@1.0.0 start: `node server.js`\nExit status 1\n    at EventEmitter.<anonymous> (C:\\Users\\kekel\\AppData\\Roaming\\npm\\node_modules\\pnpm\\dist\\pnpm.cjs:104902:20)\n    at EventEmitter.emit (events.js:376:20)\n    at ChildProcess.<anonymous> (C:\\Users\\kekel\\AppData\\Roaming\\npm\\node_modules\\pnpm\\dist\\pnpm.cjs:92891:18)\n    at ChildProcess.emit (events.js:376:20)\n    at maybeClose (internal/child_process.js:1055:16)\n    at Process.ChildProcess._handle.onexit (internal/child_process.js:288:5)"
    }
  },
  "2 warn pnpm:global": " Local package.json exists, but node_modules missing, did you mean to install?"
}